  compilation object save succeeded; see C:\Users\su\Desktop\UV_Texture\x64\Debug\Texture.cso
  compilation object save succeeded; see C:\Users\su\Desktop\UV_Texture\x64\Debug\Tutorial.cso
  Framework.cpp
C:\Users\su\Desktop\UV_Texture\DX3D_2211\Framework\Render\Texture.h(30,18): warning C4267: 'return': 'size_t'에서 'UINT'(으)로 변환하면서 데이터가 손실될 수 있습니다.
C:\Users\su\Desktop\UV_Texture\DX3D_2211\Framework\Render\Texture.h(31,19): warning C4267: 'return': 'size_t'에서 'UINT'(으)로 변환하면서 데이터가 손실될 수 있습니다.
  DX3D_2211.cpp
  ConstBuffer.cpp
  IndexBuffer.cpp
  VertexBuffer.cpp
  Device.cpp
C:\Users\su\Desktop\UV_Texture\DX3D_2211\Framework\Device\Device.cpp(24,34): warning C4244: '인수': 'float'에서 'UINT8'(으)로 변환하면서 데이터가 손실될 수 있습니다.
  Environment.cpp
  GameMath.cpp
  Material.cpp
  Mesh.cpp
  Texture.cpp
C:\Users\su\Desktop\UV_Texture\DX3D_2211\Framework\Render\Texture.cpp(101,38): warning C4267: '초기화 중': 'size_t'에서 'UINT'(으)로 변환하면서 데이터가 손실될 수 있습니다.
  PixelShader.cpp
  Shader.cpp
  VertexShader.cpp
C:\Users\su\Desktop\UV_Texture\DX3D_2211\Framework\Shader\VertexShader.cpp(101,21): warning C4267: '인수': 'size_t'에서 'UINT'(으)로 변환하면서 데이터가 손실될 수 있습니다.
  Utility.cpp
C:\Program Files\Microsoft Visual Studio\2022\Community\VC\Tools\MSVC\14.34.31933\include\xstring(2857,53): warning C4244: '인수': 'wchar_t'에서 'const _Elem'(으)로 변환하면서 데이터가 손실될 수 있습니다.
          with
          [
              _Elem=char
          ]
C:\Program Files\Microsoft Visual Studio\2022\Community\VC\Tools\MSVC\14.34.31933\include\xstring(2718,1): message : 컴파일되는 함수 템플릿 인스턴스화 'void std::basic_string<char,std::char_traits<char>,std::allocator<char>>::_Construct_from_iter<wchar_t*,wchar_t*,_Size_type>(_Iter,const _Sent,_Size)'에 대한 참조를 확인하세요.
          with
          [
              _Size_type=unsigned __int64,
              _Iter=wchar_t *,
              _Sent=wchar_t *,
              _Size=unsigned __int64
          ]
C:\Program Files\Microsoft Visual Studio\2022\Community\VC\Tools\MSVC\14.34.31933\include\xstring(2718,37): message : 컴파일되는 함수 템플릿 인스턴스화 'void std::basic_string<char,std::char_traits<char>,std::allocator<char>>::_Construct_from_iter<wchar_t*,wchar_t*,_Size_type>(_Iter,const _Sent,_Size)'에 대한 참조를 확인하세요.
          with
          [
              _Size_type=unsigned __int64,
              _Iter=wchar_t *,
              _Sent=wchar_t *,
              _Size=unsigned __int64
          ]
C:\Program Files\Microsoft Visual Studio\2022\Community\VC\Tools\MSVC\14.34.31933\include\xstring(3577,1): message : 컴파일되는 함수 템플릿 인스턴스화 'std::basic_string<char,std::char_traits<char>,std::allocator<char>>::basic_string<wchar_t*,0>(_Iter,_Iter,const _Alloc &)'에 대한 참조를 확인하세요.
          with
          [
              _Iter=wchar_t *,
              _Alloc=std::allocator<char>
          ]
C:\Program Files\Microsoft Visual Studio\2022\Community\VC\Tools\MSVC\14.34.31933\include\xstring(3577,32): message : 컴파일되는 함수 템플릿 인스턴스화 'std::basic_string<char,std::char_traits<char>,std::allocator<char>>::basic_string<wchar_t*,0>(_Iter,_Iter,const _Alloc &)'에 대한 참조를 확인하세요.
          with
          [
              _Iter=wchar_t *,
              _Alloc=std::allocator<char>
          ]
C:\Users\su\Desktop\UV_Texture\DX3D_2211\Framework\Utility\Utility.cpp(6,13): message : 컴파일되는 함수 템플릿 인스턴스화 'std::basic_string<char,std::char_traits<char>,std::allocator<char>> &std::basic_string<char,std::char_traits<char>,std::allocator<char>>::assign<std::_String_iterator<std::_String_val<std::_Simple_types<_Elem>>>,0>(const _Iter,const _Iter)'에 대한 참조를 확인하세요.
          with
          [
              _Elem=wchar_t,
              _Iter=std::_String_iterator<std::_String_val<std::_Simple_types<wchar_t>>>
          ]
C:\Users\su\Desktop\UV_Texture\DX3D_2211\Framework\Utility\Utility.cpp(6,16): message : 컴파일되는 함수 템플릿 인스턴스화 'std::basic_string<char,std::char_traits<char>,std::allocator<char>> &std::basic_string<char,std::char_traits<char>,std::allocator<char>>::assign<std::_String_iterator<std::_String_val<std::_Simple_types<_Elem>>>,0>(const _Iter,const _Iter)'에 대한 참조를 확인하세요.
          with
          [
              _Elem=wchar_t,
              _Iter=std::_String_iterator<std::_String_val<std::_Simple_types<wchar_t>>>
          ]
  GameManager.cpp
  Cube.cpp
  Quad.cpp
C:\Users\su\Desktop\UV_Texture\DX3D_2211\Object\Basic\Quad.cpp(34,38): warning C4267: '인수': 'size_t'에서 'UINT'(으)로 변환하면서 데이터가 손실될 수 있습니다.
C:\Users\su\Desktop\UV_Texture\DX3D_2211\Object\Basic\Quad.cpp(81,103): warning C4267: '인수': 'size_t'에서 'UINT'(으)로 변환하면서 데이터가 손실될 수 있습니다.
  CubeScene.cpp
  TutorialScene.cpp
C:\Users\su\Desktop\UV_Texture\DX3D_2211\Scenes\TutorialScene.cpp(17,88): warning C4267: '인수': 'size_t'에서 'UINT'(으)로 변환하면서 데이터가 손실될 수 있습니다.
C:\Users\su\Desktop\UV_Texture\DX3D_2211\Scenes\TutorialScene.cpp(21,63): warning C4267: '인수': 'size_t'에서 'UINT'(으)로 변환하면서 데이터가 손실될 수 있습니다.
C:\Users\su\Desktop\UV_Texture\DX3D_2211\Scenes\TutorialScene.cpp(56,38): warning C4267: '인수': 'size_t'에서 'UINT'(으)로 변환하면서 데이터가 손실될 수 있습니다.
C:\Program Files\Microsoft Visual Studio\2022\Community\VC\Tools\MSVC\14.34.31933\include\xmemory(680,68): warning C4244: '인수': '_Ty'에서 'float'(으)로 변환하면서 데이터가 손실될 수 있습니다.
          with
          [
              _Ty=int
          ]
C:\Program Files\Microsoft Visual Studio\2022\Community\VC\Tools\MSVC\14.34.31933\include\vector(852,1): message : 컴파일되는 함수 템플릿 인스턴스화 'void std::_Default_allocator_traits<_Alloc>::construct<_Ty,float,float,int,int,int,int>(_Alloc &,_Objty *const ,float &&,float &&,int &&,int &&,int &&,int &&)'에 대한 참조를 확인하세요.
          with
          [
              _Alloc=std::allocator<VertexColor>,
              _Ty=VertexColor,
              _Objty=VertexColor
          ]
C:\Program Files\Microsoft Visual Studio\2022\Community\VC\Tools\MSVC\14.34.31933\include\vector(863,36): message : 컴파일되는 함수 템플릿 인스턴스화 'void std::_Default_allocator_traits<_Alloc>::construct<_Ty,float,float,int,int,int,int>(_Alloc &,_Objty *const ,float &&,float &&,int &&,int &&,int &&,int &&)'에 대한 참조를 확인하세요.
          with
          [
              _Alloc=std::allocator<VertexColor>,
              _Ty=VertexColor,
              _Objty=VertexColor
          ]
C:\Program Files\Microsoft Visual Studio\2022\Community\VC\Tools\MSVC\14.34.31933\include\vector(839,1): message : 컴파일되는 함수 템플릿 인스턴스화 '_Ty &std::vector<_Ty,std::allocator<_Ty>>::_Emplace_back_with_unused_capacity<float,float,int,int,int,int>(float &&,float &&,int &&,int &&,int &&,int &&)'에 대한 참조를 확인하세요.
          with
          [
              _Ty=VertexColor
          ]
C:\Program Files\Microsoft Visual Studio\2022\Community\VC\Tools\MSVC\14.34.31933\include\vector(845,13): message : 컴파일되는 함수 템플릿 인스턴스화 '_Ty &std::vector<_Ty,std::allocator<_Ty>>::_Emplace_back_with_unused_capacity<float,float,int,int,int,int>(float &&,float &&,int &&,int &&,int &&,int &&)'에 대한 참조를 확인하세요.
          with
          [
              _Ty=VertexColor
          ]
C:\Program Files\Microsoft Visual Studio\2022\Community\VC\Tools\MSVC\14.34.31933\include\vector(925,1): message : 컴파일되는 함수 템플릿 인스턴스화 '_Ty &std::vector<_Ty,std::allocator<_Ty>>::_Emplace_one_at_back<float,float,int,int,int,int>(float &&,float &&,int &&,int &&,int &&,int &&)'에 대한 참조를 확인하세요.
          with
          [
              _Ty=VertexColor
          ]
C:\Program Files\Microsoft Visual Studio\2022\Community\VC\Tools\MSVC\14.34.31933\include\vector(927,14): message : 컴파일되는 함수 템플릿 인스턴스화 '_Ty &std::vector<_Ty,std::allocator<_Ty>>::_Emplace_one_at_back<float,float,int,int,int,int>(float &&,float &&,int &&,int &&,int &&,int &&)'에 대한 참조를 확인하세요.
          with
          [
              _Ty=VertexColor
          ]
C:\Users\su\Desktop\UV_Texture\DX3D_2211\Scenes\TutorialScene.cpp(12,48): message : 컴파일되는 함수 템플릿 인스턴스화 'void std::vector<VertexColor,std::allocator<VertexColor>>::emplace_back<float,float,int,int,int,int>(float &&,float &&,int &&,int &&,int &&,int &&)'에 대한 참조를 확인하세요.
  코드를 생성하고 있습니다...
DirectXTex.lib(DirectXTexImage.obj) : warning LNK4099: '' PDB를 'DirectXTex.lib(DirectXTexImage.obj)' 또는 ''에서 찾을 수 없습니다. 디버그 정보가 없는 것처럼 개체를 링크합니다.
DirectXTex.lib(DirectXTexDDS.obj) : warning LNK4099: '' PDB를 'DirectXTex.lib(DirectXTexDDS.obj)' 또는 ''에서 찾을 수 없습니다. 디버그 정보가 없는 것처럼 개체를 링크합니다.
DirectXTex.lib(DirectXTexTGA.obj) : warning LNK4099: '' PDB를 'DirectXTex.lib(DirectXTexTGA.obj)' 또는 ''에서 찾을 수 없습니다. 디버그 정보가 없는 것처럼 개체를 링크합니다.
DirectXTex.lib(DirectXTexWIC.obj) : warning LNK4099: '' PDB를 'DirectXTex.lib(DirectXTexWIC.obj)' 또는 ''에서 찾을 수 없습니다. 디버그 정보가 없는 것처럼 개체를 링크합니다.
DirectXTex.lib(DirectXTexD3D11.obj) : warning LNK4099: '' PDB를 'DirectXTex.lib(DirectXTexD3D11.obj)' 또는 ''에서 찾을 수 없습니다. 디버그 정보가 없는 것처럼 개체를 링크합니다.
DirectXTex.lib(DirectXTexUtil.obj) : warning LNK4099: '' PDB를 'DirectXTex.lib(DirectXTexUtil.obj)' 또는 ''에서 찾을 수 없습니다. 디버그 정보가 없는 것처럼 개체를 링크합니다.
DirectXTex.lib(DirectXTexConvert.obj) : warning LNK4099: '' PDB를 'DirectXTex.lib(DirectXTexConvert.obj)' 또는 ''에서 찾을 수 없습니다. 디버그 정보가 없는 것처럼 개체를 링크합니다.
DirectXTex.lib(DirectXTexMipMaps.obj) : warning LNK4099: '' PDB를 'DirectXTex.lib(DirectXTexMipMaps.obj)' 또는 ''에서 찾을 수 없습니다. 디버그 정보가 없는 것처럼 개체를 링크합니다.
DirectXTex.lib(DirectXTexCompress.obj) : warning LNK4099: '' PDB를 'DirectXTex.lib(DirectXTexCompress.obj)' 또는 ''에서 찾을 수 없습니다. 디버그 정보가 없는 것처럼 개체를 링크합니다.
DirectXTex.lib(BC.obj) : warning LNK4099: '' PDB를 'DirectXTex.lib(BC.obj)' 또는 ''에서 찾을 수 없습니다. 디버그 정보가 없는 것처럼 개체를 링크합니다.
DirectXTex.lib(BC4BC5.obj) : warning LNK4099: '' PDB를 'DirectXTex.lib(BC4BC5.obj)' 또는 ''에서 찾을 수 없습니다. 디버그 정보가 없는 것처럼 개체를 링크합니다.
DirectXTex.lib(BC6HBC7.obj) : warning LNK4099: '' PDB를 'DirectXTex.lib(BC6HBC7.obj)' 또는 ''에서 찾을 수 없습니다. 디버그 정보가 없는 것처럼 개체를 링크합니다.
  DX3D_2211.vcxproj -> C:\Users\su\Desktop\UV_Texture\x64\Debug\DX3D_2211.exe
