d:\khb\class\dx3d_2211\dx3d_2211\x64\debug\vc143.pdb
d:\khb\class\dx3d_2211\dx3d_2211\x64\debug\vc143.idb
d:\khb\class\dx3d_2211\dx3d_2211\x64\debug\tutorialscene.obj
d:\khb\class\dx3d_2211\dx3d_2211\x64\debug\gamemanager.obj
d:\khb\class\dx3d_2211\dx3d_2211\x64\debug\vertexshader.obj
d:\khb\class\dx3d_2211\dx3d_2211\x64\debug\shader.obj
d:\khb\class\dx3d_2211\dx3d_2211\x64\debug\pixelshader.obj
d:\khb\class\dx3d_2211\dx3d_2211\x64\debug\environment.obj
d:\khb\class\dx3d_2211\dx3d_2211\x64\debug\device.obj
d:\khb\class\dx3d_2211\dx3d_2211\x64\debug\vertexbuffer.obj
d:\khb\class\dx3d_2211\dx3d_2211\x64\debug\indexbuffer.obj
d:\khb\class\dx3d_2211\dx3d_2211\x64\debug\constbuffer.obj
d:\khb\class\dx3d_2211\dx3d_2211\x64\debug\dx3d_2211.obj
d:\khb\class\dx3d_2211\dx3d_2211\x64\debug\cubescene.obj
d:\khb\class\dx3d_2211\dx3d_2211\x64\debug\quad.obj
d:\khb\class\dx3d_2211\dx3d_2211\x64\debug\cube.obj
d:\khb\class\dx3d_2211\dx3d_2211\x64\debug\mesh.obj
d:\khb\class\dx3d_2211\dx3d_2211\x64\debug\material.obj
d:\khb\class\dx3d_2211\dx3d_2211\x64\debug\gamemath.obj
d:\khb\class\dx3d_2211\dx3d_2211\x64\debug\dx3d_2211.pch
d:\khb\class\dx3d_2211\dx3d_2211\x64\debug\framework.obj
d:\khb\class\dx3d_2211\dx3d_2211\x64\debug\utility.obj
d:\khb\class\dx3d_2211\dx3d_2211\x64\debug\texture.obj
d:\khb\class\dx3d_2211\x64\debug\texture.cso
d:\khb\class\dx3d_2211\x64\debug\tutorial.cso
d:\khb\class\dx3d_2211\x64\debug\dx3d_2211.exe
d:\khb\class\dx3d_2211\dx3d_2211\x64\debug\dx3d_2211.ilk
d:\khb\class\dx3d_2211\x64\debug\dx3d_2211.pdb
d:\khb\class\dx3d_2211\dx3d_2211\x64\debug\dx3d_2211.res
d:\khb\class\dx3d_2211\dx3d_2211\x64\debug\dx3d_2211.tlog\cl.command.1.tlog
d:\khb\class\dx3d_2211\dx3d_2211\x64\debug\dx3d_2211.tlog\cl.read.1.tlog
d:\khb\class\dx3d_2211\dx3d_2211\x64\debug\dx3d_2211.tlog\cl.write.1.tlog
d:\khb\class\dx3d_2211\dx3d_2211\x64\debug\dx3d_2211.tlog\fxc.command.1.tlog
d:\khb\class\dx3d_2211\dx3d_2211\x64\debug\dx3d_2211.tlog\fxc.read.1.tlog
d:\khb\class\dx3d_2211\dx3d_2211\x64\debug\dx3d_2211.tlog\fxc.write.1.tlog
d:\khb\class\dx3d_2211\dx3d_2211\x64\debug\dx3d_2211.tlog\link.command.1.tlog
d:\khb\class\dx3d_2211\dx3d_2211\x64\debug\dx3d_2211.tlog\link.read.1.tlog
d:\khb\class\dx3d_2211\dx3d_2211\x64\debug\dx3d_2211.tlog\link.write.1.tlog
d:\khb\class\dx3d_2211\dx3d_2211\x64\debug\dx3d_2211.tlog\rc.command.1.tlog
d:\khb\class\dx3d_2211\dx3d_2211\x64\debug\dx3d_2211.tlog\rc.read.1.tlog
d:\khb\class\dx3d_2211\dx3d_2211\x64\debug\dx3d_2211.tlog\rc.write.1.tlog
